<?xml version="1.0" encoding="UTF-8"?>
<!-- Generated by org.testng.reporters.JUnitReportReporter -->
<testsuite hostname="DESKTOP-89KG4PA" failures="0" tests="4" name="ecommerce.Admin1.category" time="45.497" errors="0" timestamp="2025-03-14T10:53:12 IST" skipped="0">
  <testcase classname="ecommerce.Admin1.category" name="InsertProdDetails" time="21.518"/>
  <testcase classname="ecommerce.Admin1.category" name="Subcategory" time="9.520"/>
  <testcase classname="ecommerce.Admin1.category" name="InsertProductSelectOneDropdown" time="3.737"/>
  <testcase classname="ecommerce.Admin1.category" name="Category" time="10.722"/>
</testsuite> <!-- ecommerce.Admin1.category -->
