<?xml version="1.0" encoding="UTF-8"?>
<!-- Generated by org.testng.reporters.JUnitReportReporter -->
<testsuite hostname="DESKTOP-89KG4PA" failures="0" tests="4" name="ecommerce.Admin2.updateProducts" time="48.152" errors="0" timestamp="2025-03-13T17:33:30 IST" skipped="0">
  <testcase classname="ecommerce.Admin2.updateProducts" name="DeleteProduct" time="11.445"/>
  <testcase classname="ecommerce.Admin2.updateProducts" name="UpdateAndDelete" time="6.264"/>
  <testcase classname="ecommerce.Admin2.updateProducts" name="UpdateProducts" time="27.383"/>
  <testcase classname="ecommerce.Admin2.updateProducts" name="SubCatDropdown" time="3.060"/>
</testsuite> <!-- ecommerce.Admin2.updateProducts -->
