<?xml version="1.0" encoding="UTF-8"?>
<!-- Generated by org.testng.reporters.JUnitReportReporter -->
<testsuite hostname="DESKTOP-89KG4PA" failures="0" tests="4" name="ecommerce.Admin1.category" time="56.589" errors="0" timestamp="2025-03-13T17:31:30 IST" skipped="0">
  <testcase classname="ecommerce.Admin1.category" name="InsertProdDetails" time="25.547"/>
  <testcase classname="ecommerce.Admin1.category" name="InsertProductSelectOneDropdown" time="3.419"/>
  <testcase classname="ecommerce.Admin1.category" name="Category" time="16.043"/>
  <testcase classname="ecommerce.Admin1.category" name="Subcategory" time="11.580"/>
</testsuite> <!-- ecommerce.Admin1.category -->
