<?xml version="1.0" encoding="UTF-8"?>
<!-- Generated by org.testng.reporters.JUnitReportReporter -->
<testsuite hostname="DESKTOP-89KG4PA" failures="0" tests="1" name="ecommerce.integration.updateProducts" time="33.651" errors="0" timestamp="2025-03-13T14:57:16 IST" skipped="0">
  <testcase classname="ecommerce.integration.updateProducts" name="UpdateProducts" time="33.651"/>
</testsuite> <!-- ecommerce.integration.updateProducts -->
