<?xml version="1.0" encoding="UTF-8"?>
<!-- Generated by org.testng.reporters.JUnitReportReporter -->
<testsuite hostname="DESKTOP-89KG4PA" failures="0" tests="4" name="ecommerce.integration.category" time="27.621" errors="0" timestamp="2025-03-13T14:47:16 IST" skipped="0">
  <testcase classname="ecommerce.integration.category" name="InsertProductSelectOneDropdown" time="2.127"/>
  <testcase classname="ecommerce.integration.category" name="InsertProdDetails" time="6.443"/>
  <testcase classname="ecommerce.integration.category" name="Category" time="8.422"/>
  <testcase classname="ecommerce.integration.category" name="Subcategory" time="10.629"/>
</testsuite> <!-- ecommerce.integration.category -->
