<?xml version="1.0" encoding="UTF-8"?>
<!-- Generated by org.testng.reporters.JUnitReportReporter -->
<testsuite hostname="DESKTOP-89KG4PA" failures="0" tests="1" name="ecommerce.integration.emptyClass" time="7.328" errors="0" timestamp="2025-03-13T14:36:07 IST" skipped="0">
  <testcase classname="ecommerce.integration.emptyClass" name="Emp" time="7.328"/>
</testsuite> <!-- ecommerce.integration.emptyClass -->
