<?xml version="1.0" encoding="UTF-8"?>
<!-- Generated by org.testng.reporters.JUnitReportReporter -->
<testsuite hostname="DESKTOP-89KG4PA" failures="0" tests="4" name="ecommerce.Admin2.updateProducts" time="38.629" errors="0" timestamp="2025-03-14T10:58:08 IST" skipped="0">
  <testcase classname="ecommerce.Admin2.updateProducts" name="DeleteProduct" time="5.949"/>
  <testcase classname="ecommerce.Admin2.updateProducts" name="UpdateAndDelete" time="3.634"/>
  <testcase classname="ecommerce.Admin2.updateProducts" name="UpdateProducts" time="26.753"/>
  <testcase classname="ecommerce.Admin2.updateProducts" name="SubCatDropdown" time="2.293"/>
</testsuite> <!-- ecommerce.Admin2.updateProducts -->
